<?xml version="1.0" encoding="UTF-8"?>
<robot generator="Robot 6.0.1 (Python 3.10.7 on win32)" generated="20221123 19:33:45.378" rpa="false" schemaversion="3">
<suite id="s1" name="GestionIframe" source="c:\Users\tazir\Desktop\robotframeprojet3\GestionIframe.robot">
<test id="s1-t1" name="testGererUneAlert" line="6">
<kw name="Open Browser" library="SeleniumLibrary">
<arg>https://www.selenium.dev/selenium/docs/api/java/index.html?overview-summary.html</arg>
<arg>gc</arg>
<doc>Opens a new browser instance to the optional ``url``.</doc>
<msg timestamp="20221123 19:33:45.739" level="INFO">Opening browser 'gc' to base url 'https://www.selenium.dev/selenium/docs/api/java/index.html?overview-summary.html'.</msg>
<status status="PASS" starttime="20221123 19:33:45.738" endtime="20221123 19:33:48.361"/>
</kw>
<kw name="Maximize Browser Window" library="SeleniumLibrary">
<doc>Maximizes current browser window.</doc>
<status status="PASS" starttime="20221123 19:33:48.362" endtime="20221123 19:33:48.508"/>
</kw>
<kw name="Sleep" library="BuiltIn">
<arg>3</arg>
<doc>Pauses the test executed for the given time.</doc>
<msg timestamp="20221123 19:33:51.517" level="INFO">Slept 3 seconds</msg>
<status status="PASS" starttime="20221123 19:33:48.509" endtime="20221123 19:33:51.517"/>
</kw>
<kw name="Select Frame" library="SeleniumLibrary">
<arg>name:packageListFrame</arg>
<doc>Sets frame identified by ``locator`` as the current frame.</doc>
<msg timestamp="20221123 19:33:51.523" level="INFO">Selecting frame 'name:packageListFrame'.</msg>
<status status="PASS" starttime="20221123 19:33:51.519" endtime="20221123 19:33:51.577"/>
</kw>
<kw name="Click Link" library="SeleniumLibrary">
<arg>org.openqa.selenium</arg>
<doc>Clicks a link identified by ``locator``.</doc>
<msg timestamp="20221123 19:33:51.578" level="INFO">Clicking link 'org.openqa.selenium'.</msg>
<status status="PASS" starttime="20221123 19:33:51.577" endtime="20221123 19:33:51.746"/>
</kw>
<kw name="Unselect Frame" library="SeleniumLibrary">
<doc>Sets the main frame as the current frame.</doc>
<status status="PASS" starttime="20221123 19:33:51.748" endtime="20221123 19:33:51.750"/>
</kw>
<kw name="Sleep" library="BuiltIn">
<arg>3</arg>
<doc>Pauses the test executed for the given time.</doc>
<msg timestamp="20221123 19:33:54.767" level="INFO">Slept 3 seconds</msg>
<status status="PASS" starttime="20221123 19:33:51.751" endtime="20221123 19:33:54.767"/>
</kw>
<kw name="Select Frame" library="SeleniumLibrary">
<arg>name:packageFrame</arg>
<doc>Sets frame identified by ``locator`` as the current frame.</doc>
<msg timestamp="20221123 19:33:54.769" level="INFO">Selecting frame 'name:packageFrame'.</msg>
<status status="PASS" starttime="20221123 19:33:54.768" endtime="20221123 19:33:54.798"/>
</kw>
<kw name="Click Link" library="SeleniumLibrary">
<arg>WebDriver</arg>
<doc>Clicks a link identified by ``locator``.</doc>
<msg timestamp="20221123 19:33:54.800" level="INFO">Clicking link 'WebDriver'.</msg>
<status status="PASS" starttime="20221123 19:33:54.799" endtime="20221123 19:33:54.924"/>
</kw>
<kw name="Unselect Frame" library="SeleniumLibrary">
<doc>Sets the main frame as the current frame.</doc>
<status status="PASS" starttime="20221123 19:33:54.925" endtime="20221123 19:33:54.928"/>
</kw>
<kw name="Sleep" library="BuiltIn">
<arg>3</arg>
<doc>Pauses the test executed for the given time.</doc>
<msg timestamp="20221123 19:33:57.945" level="INFO">Slept 3 seconds</msg>
<status status="PASS" starttime="20221123 19:33:54.928" endtime="20221123 19:33:57.945"/>
</kw>
<kw name="Select Frame" library="SeleniumLibrary">
<arg>name:classFrame</arg>
<doc>Sets frame identified by ``locator`` as the current frame.</doc>
<msg timestamp="20221123 19:33:57.947" level="INFO">Selecting frame 'name:classFrame'.</msg>
<status status="PASS" starttime="20221123 19:33:57.946" endtime="20221123 19:33:57.980"/>
</kw>
<kw name="Click Link" library="SeleniumLibrary">
<arg>Help</arg>
<doc>Clicks a link identified by ``locator``.</doc>
<msg timestamp="20221123 19:33:57.981" level="INFO">Clicking link 'Help'.</msg>
<status status="PASS" starttime="20221123 19:33:57.980" endtime="20221123 19:33:58.307"/>
</kw>
<kw name="Unselect Frame" library="SeleniumLibrary">
<doc>Sets the main frame as the current frame.</doc>
<status status="PASS" starttime="20221123 19:33:58.307" endtime="20221123 19:33:58.316"/>
</kw>
<kw name="Sleep" library="BuiltIn">
<arg>3</arg>
<doc>Pauses the test executed for the given time.</doc>
<msg timestamp="20221123 19:34:01.329" level="INFO">Slept 3 seconds</msg>
<status status="PASS" starttime="20221123 19:33:58.316" endtime="20221123 19:34:01.329"/>
</kw>
<status status="PASS" starttime="20221123 19:33:45.736" endtime="20221123 19:34:01.330"/>
</test>
<status status="PASS" starttime="20221123 19:33:45.393" endtime="20221123 19:34:01.332"/>
</suite>
<statistics>
<total>
<stat pass="1" fail="0" skip="0">All Tests</stat>
</total>
<tag>
</tag>
<suite>
<stat pass="1" fail="0" skip="0" id="s1" name="GestionIframe">GestionIframe</stat>
</suite>
</statistics>
<errors>
</errors>
</robot>
